{
  "stats": {
    "suites": 2,
    "tests": 3,
    "passes": 3,
    "pending": 0,
    "failures": 0,
    "start": "2022-05-17T14:58:15.855Z",
    "end": "2022-05-17T14:58:39.991Z",
    "duration": 24136,
    "testsRegistered": 3,
    "passPercent": 100,
    "pendingPercent": 0,
    "other": 0,
    "hasOther": false,
    "skipped": 0,
    "hasSkipped": false
  },
  "results": [
    {
      "uuid": "b82e1fec-b921-43b6-92c2-141218638b1b",
      "title": "",
      "fullFile": "",
      "file": "",
      "beforeHooks": [],
      "afterHooks": [],
      "tests": [],
      "suites": [
        {
          "uuid": "220e34e6-62c3-4e36-92f0-5b8c375c4352",
          "title": "Log In",
          "fullFile": "C:\\Users\\berez\\Documents\\UnsplashTests\\test\\loginTest.js",
          "file": "\\test\\loginTest.js",
          "beforeHooks": [],
          "afterHooks": [],
          "tests": [
            {
              "title": "User can log in",
              "fullTitle": "Log In User can log in",
              "timedOut": null,
              "duration": 12523,
              "state": "passed",
              "speed": "slow",
              "pass": true,
              "fail": false,
              "pending": false,
              "context": null,
              "code": "let driver = await new Builder().forBrowser(\"firefox\").build();\nawait driver.get(\"https://unsplash.com/\");\nawait driver\n  .findElement(By.xpath('//a[@href=\"https://unsplash.com/login\"]'))\n  .click();\nawait driver\n  .findElement(By.id(\"user_email\"))\n  .sendKeys(\"berezhnoy.tim@gmail.com\");\nawait driver\n  .findElement(By.id(\"user_password\"))\n  .sendKeys(\"3110200231887Befezda\");\nawait driver.findElement(By.xpath('//input[@type=\"submit\"]')).click();\nlet notificationsIcon = await driver.findElement(\n  By.xpath('//button[@class=\"qFvHg jpBZ0\"]')\n);\nnotificationsIcon.should.exist;\nawait driver.quit();",
              "err": {},
              "uuid": "c89b9580-1835-430c-9227-a2038262071e",
              "parentUUID": null,
              "isHook": false,
              "skipped": false
            }
          ],
          "suites": [],
          "passes": [
            "c89b9580-1835-430c-9227-a2038262071e"
          ],
          "failures": [],
          "pending": [],
          "skipped": [],
          "duration": 12523,
          "root": false,
          "rootEmpty": false,
          "_timeout": null
        },
        {
          "uuid": "2083e0a5-5ea3-4a6b-8d29-0feec9a30083",
          "title": "Sign Up",
          "fullFile": "C:\\Users\\berez\\Documents\\UnsplashTests\\test\\signUpTest.js",
          "file": "\\test\\signUpTest.js",
          "beforeHooks": [],
          "afterHooks": [],
          "tests": [
            {
              "title": "User can create a new account",
              "fullTitle": "Sign Up User can create a new account",
              "timedOut": null,
              "duration": 10713,
              "state": "passed",
              "speed": "slow",
              "pass": true,
              "fail": false,
              "pending": false,
              "context": null,
              "code": "let driver = await new Builder().forBrowser(\"firefox\").build();\nawait driver.get(\"https://unsplash.com/\");\nawait driver\n  .findElement(By.xpath('//a[@href=\"https://unsplash.com/join\"]'))\n  .click();\nawait driver.findElement(By.id(\"user_first_name\")).sendKeys(\"Timur\");\nawait driver.findElement(By.id(\"user_last_name\")).sendKeys(\"Berezhnoy\");\nawait driver\n  .findElement(By.id(\"user_email\"))\n  .sendKeys(\"berezhnoy.tim@gmail.com\");\nawait driver.findElement(By.id(\"user_username\")).sendKeys(\"Djungarik\");\nawait driver\n  .findElement(By.id(\"user_password\"))\n  .sendKeys(\"3110200231887Befezda\");\nawait driver.findElement(By.xpath('//a[@href=\"#\"]')).click();\nawait driver.quit();",
              "err": {},
              "uuid": "488f8e93-3a9b-438e-a0de-8b604df12c53",
              "parentUUID": null,
              "isHook": false,
              "skipped": false
            },
            {
              "title": "User cannot create an existing account",
              "fullTitle": "Sign Up User cannot create an existing account",
              "timedOut": null,
              "duration": 13024,
              "state": "passed",
              "speed": "slow",
              "pass": true,
              "fail": false,
              "pending": false,
              "context": null,
              "code": "let driver = await new Builder().forBrowser(\"firefox\").build();\nawait driver.get(\"https://unsplash.com/\");\nawait driver\n  .findElement(By.xpath('//a[@href=\"https://unsplash.com/join\"]'))\n  .click();\nawait driver.findElement(By.id(\"user_first_name\")).sendKeys(\"Timur\");\nawait driver.findElement(By.id(\"user_last_name\")).sendKeys(\"Berezhnoy\");\nawait driver\n  .findElement(By.id(\"user_email\"))\n  .sendKeys(\"berezhnoy.tim@gmail.com\");\nawait driver.findElement(By.id(\"user_username\")).sendKeys(\"Djungarik\");\nawait driver\n  .findElement(By.id(\"user_password\"))\n  .sendKeys(\"3110200231887Befezda\");\nawait driver.findElement(By.xpath('//a[@href=\"#\"]')).click();\nlet errors = await driver.wait(\n  until.elementLocated(By.xpath('//div[@class=\"form-error-header\"]')),\n  10000\n);\nerrors.should.exist;\nawait driver.quit();",
              "err": {},
              "uuid": "ae71fc10-6cde-41d1-a275-54dd5b93123d",
              "parentUUID": null,
              "isHook": false,
              "skipped": false
            }
          ],
          "suites": [],
          "passes": [
            "488f8e93-3a9b-438e-a0de-8b604df12c53",
            "ae71fc10-6cde-41d1-a275-54dd5b93123d"
          ],
          "failures": [],
          "pending": [],
          "skipped": [],
          "duration": 23737,
          "root": false,
          "rootEmpty": false,
          "_timeout": null
        }
      ],
      "passes": [],
      "failures": [],
      "pending": [],
      "skipped": [],
      "duration": 0,
      "root": true,
      "rootEmpty": true,
      "_timeout": 0
    }
  ],
  "meta": {
    "mocha": {
      "version": "10.0.0"
    },
    "mochawesome": {
      "options": {
        "quiet": false,
        "reportFilename": "testResults",
        "saveHtml": true,
        "saveJson": true,
        "consoleReporter": "spec",
        "useInlineDiffs": false,
        "code": true
      },
      "version": "7.1.3"
    },
    "marge": {
      "options": {
        "reportDir": "C:\\Users\\berez\\Documents\\SeleniumExample\\test-reports",
        "reportFilename": "testResults"
      },
      "version": "6.2.0"
    }
  }
}